#
# A fatal error has been detected by the Java Runtime Environment:
#
#  SIGSEGV (0xb) at pc=0x00007f5ff35bc401, pid=18864, tid=18884
#
# JRE version: OpenJDK Runtime Environment (11.0.7+10) (build 11.0.7+10-post-Ubuntu-2ubuntu218.04)
# Java VM: OpenJDK 64-Bit Server VM (11.0.7+10-post-Ubuntu-2ubuntu218.04, mixed mode, sharing, tiered, compressed oops, g1 gc, linux-amd64)
# Problematic frame:
# C  [libjimage.so+0x2401]
#
# Core dump will be written. Default location: Core dumps may be processed with "/usr/share/apport/apport %p %s %c %d %P %E" (or dumping to /home/muthu/Angular/Java/restuarant/core.18864)
#
# If you would like to submit a bug report, please visit:
#   https://bugs.launchpad.net/ubuntu/+source/openjdk-lts
#

---------------  S U M M A R Y ------------

Command Line: -agentlib:jdwp=transport=dt_socket,suspend=y,address=localhost:40447 -javaagent:/home/muthu/.eclipse/org.eclipse.platform_4.12.0_1473617060_linux_gtk_x86_64/configuration/org.eclipse.osgi/405/0/.cp/lib/javaagent-shaded.jar -Dfile.encoding=UTF-8 com.restuarant.rest.webservices.restuarant.RestuarantApplication

Host: Intel(R) Core(TM) i5-8250U CPU @ 1.60GHz, 8 cores, 7G, Ubuntu 18.04.4 LTS
Time: Tue Jul 21 20:32:05 2020 IST elapsed time: 5709 seconds (0d 1h 35m 9s)

---------------  T H R E A D  ---------------

Current thread (0x00007f5ff4194000):  JavaThread "Signal Dispatcher" daemon [_thread_in_vm, id=18884, stack(0x00007f5fc2f9a000,0x00007f5fc309b000)]

Stack: [0x00007f5fc2f9a000,0x00007f5fc309b000],  sp=0x00007f5fc30981e0,  free space=1016k
Native frames: (J=compiled Java code, A=aot compiled Java code, j=interpreted, Vv=VM code, C=native code)
C  [libjimage.so+0x2401]
C  [libjimage.so+0x30ea]
C  [libjimage.so+0x35c6]  JIMAGE_FindResource+0xd6
V  [libjvm.so+0x59105e]
